\BOOKMARK [1][-]{section.1}{\376\377\000F\000O\000R\000M\000U\000L\000A\000C\000I\000\323\000N\000\040\000D\000E\000L\000\040\000P\000R\000O\000B\000L\000E\000M\000A}{}% 1
\BOOKMARK [2][-]{subsection.1.1}{\376\377\000I\000n\000t\000r\000o\000d\000u\000c\000c\000i\000\363\000n}{section.1}% 2
\BOOKMARK [2][-]{subsection.1.2}{\376\377\000P\000l\000a\000n\000t\000e\000a\000m\000i\000e\000n\000t\000o\000\040\000d\000e\000l\000\040\000p\000r\000o\000b\000l\000e\000m\000a}{section.1}% 3
\BOOKMARK [2][-]{subsection.1.3}{\376\377\000J\000u\000s\000t\000i\000f\000i\000c\000a\000c\000\363\000n}{section.1}% 4
\BOOKMARK [3][-]{subsubsection.1.3.1}{\376\377\000P\000a\000l\000a\000b\000r\000a\000s\000\040\000c\000l\000a\000v\000e\000:}{subsection.1.3}% 5
\BOOKMARK [3][-]{subsubsection.1.3.2}{\376\377\000\301\000r\000e\000a\000\040\000d\000e\000\040\000c\000o\000n\000o\000c\000i\000m\000i\000e\000n\000t\000o\000:}{subsection.1.3}% 6
\BOOKMARK [2][-]{subsection.1.4}{\376\377\000A\000l\000c\000a\000n\000c\000e\000s\000\040\000y\000\040\000d\000e\000l\000i\000m\000i\000t\000a\000c\000i\000o\000n\000e\000s\000:}{section.1}% 7
\BOOKMARK [1][-]{section.2}{\376\377\000O\000B\000J\000E\000T\000I\000V\000O\000\040\000G\000E\000N\000E\000R\000A\000L}{}% 8
\BOOKMARK [1][-]{section.3}{\376\377\000O\000B\000J\000E\000T\000I\000V\000O\000S\000\040\000E\000S\000P\000E\000C\000\315\000F\000I\000C\000O\000S}{}% 9
\BOOKMARK [1][-]{section.4}{\376\377\000M\000A\000R\000C\000O\000\040\000T\000E\000\323\000R\000I\000C\000O}{}% 10
\BOOKMARK [2][-]{subsection.4.1}{\376\377\000L\000i\000t\000e\000r\000a\000r\000i\000e\000d\000a\000d}{section.4}% 11
\BOOKMARK [2][-]{subsection.4.2}{\376\377\000R\000o\000m\000a\000n\000\040\000J\000a\000k\000o\000b\000s\000o\000n}{section.4}% 12
\BOOKMARK [3][-]{subsubsection.4.2.1}{\376\377\000S\000e\000l\000e\000c\000c\000i\000\363\000n\000:}{subsection.4.2}% 13
\BOOKMARK [3][-]{subsubsection.4.2.2}{\376\377\000C\000o\000m\000b\000i\000n\000a\000c\000i\000\363\000n\000:}{subsection.4.2}% 14
\BOOKMARK [2][-]{subsection.4.3}{\376\377\000P\000o\000\351\000t\000i\000c\000a}{section.4}% 15
\BOOKMARK [2][-]{subsection.4.4}{\376\377\000L\000i\000n\000g\000u\000\355\000s\000t\000i\000c\000a}{section.4}% 16
\BOOKMARK [3][-]{subsubsection.4.4.1}{\376\377\000L\000i\000n\000g\000\374\000\355\000s\000t\000i\000c\000a\000\040\000G\000e\000n\000e\000r\000a\000l\000:}{subsection.4.4}% 17
\BOOKMARK [3][-]{subsubsection.4.4.2}{\376\377\000L\000i\000n\000g\000\374\000\355\000s\000t\000i\000c\000a\000\040\000s\000i\000n\000c\000r\000\363\000n\000i\000c\000a}{subsection.4.4}% 18
\BOOKMARK [3][-]{subsubsection.4.4.3}{\376\377\000L\000i\000n\000g\000\374\000\355\000s\000t\000i\000c\000a\000\040\000d\000i\000a\000c\000r\000\363\000n\000i\000c\000a}{subsection.4.4}% 19
\BOOKMARK [2][-]{subsection.4.5}{\376\377\000L\000e\000n\000g\000u\000a\000j\000e}{section.4}% 20
\BOOKMARK [3][-]{subsubsection.4.5.1}{\376\377\000L\000e\000n\000g\000u\000a}{subsection.4.5}% 21
\BOOKMARK [3][-]{subsubsection.4.5.2}{\376\377\000H\000a\000b\000l\000a}{subsection.4.5}% 22
\BOOKMARK [2][-]{subsection.4.6}{\376\377\000L\000i\000n\000g\000\374\000\355\000s\000t\000i\000c\000a\000\040\000C\000o\000m\000p\000u\000t\000a\000c\000i\000o\000n\000a\000l}{section.4}% 23
\BOOKMARK [2][-]{subsection.4.7}{\376\377\000N\000L\000P}{section.4}% 24
\BOOKMARK [3][-]{subsubsection.4.7.1}{\376\377\000N\000L\000T\000K}{subsection.4.7}% 25
\BOOKMARK [3][-]{subsubsection.4.7.2}{\376\377\000N\000-\000g\000r\000a\000m\000a\000s}{subsection.4.7}% 26
\BOOKMARK [3][-]{subsubsection.4.7.3}{\376\377\000T\000o\000k\000e\000n\000i\000z\000a\000c\000i\000\363\000n}{subsection.4.7}% 27
\BOOKMARK [3][-]{subsubsection.4.7.4}{\376\377\000V\000e\000c\000t\000o\000r\000i\000z\000a\000c\000i\000\363\000n}{subsection.4.7}% 28
\BOOKMARK [3][-]{subsubsection.4.7.5}{\376\377\000B\000a\000g\000\040\000o\000f\000\040\000w\000o\000r\000d\000s}{subsection.4.7}% 29
\BOOKMARK [3][-]{subsubsection.4.7.6}{\376\377\000C\000o\000r\000p\000u\000s}{subsection.4.7}% 30
\BOOKMARK [2][-]{subsection.4.8}{\376\377\000A\000n\000a\000l\000\355\000t\000i\000c\000a\000\040\000d\000e\000\040\000d\000a\000t\000o\000s}{section.4}% 31
\BOOKMARK [2][-]{subsection.4.9}{\376\377\000C\000R\000I\000S\000P\000-\000D\000M}{section.4}% 32
\BOOKMARK [1][-]{section.5}{\376\377\000M\000A\000R\000C\000O\000\040\000R\000E\000F\000E\000R\000E\000N\000C\000I\000A\000L}{}% 33
\BOOKMARK [2][-]{subsection.5.1}{\376\377\000T\000i\000p\000o\000\040\000I}{section.5}% 34
\BOOKMARK [2][-]{subsection.5.2}{\376\377\000T\000i\000p\000o\000\040\000I\000I}{section.5}% 35
\BOOKMARK [1][-]{section.6}{\376\377\000D\000I\000S\000E\000\321\000O\000\040\000M\000E\000T\000O\000D\000O\000L\000\323\000G\000I\000C\000O}{}% 36
\BOOKMARK [2][-]{subsection.6.1}{\376\377\000E\000n\000t\000e\000n\000d\000i\000m\000i\000e\000n\000t\000o\000\040\000d\000e\000l\000\040\000n\000e\000g\000o\000c\000i\000o}{section.6}% 37
\BOOKMARK [2][-]{subsection.6.2}{\376\377\000E\000n\000t\000e\000n\000d\000i\000m\000i\000e\000n\000t\000o\000\040\000d\000e\000\040\000l\000o\000s\000\040\000d\000a\000t\000o\000s}{section.6}% 38
\BOOKMARK [3][-]{subsubsection.6.2.1}{\376\377\000E\000l\000\040\000c\000o\000r\000p\000u\000s\000\040\000d\000e\000\040\000r\000e\000f\000e\000r\000e\000n\000c\000i\000a}{subsection.6.2}% 39
\BOOKMARK [3][-]{subsubsection.6.2.2}{\376\377\000E\000l\000\040\000c\000o\000r\000p\000u\000s\000\040\000o\000b\000j\000e\000t\000i\000v\000o}{subsection.6.2}% 40
\BOOKMARK [3][-]{subsubsection.6.2.3}{\376\377\000L\000a\000\040\000r\000e\000d\000\040\000s\000e\000m\000\341\000n\000t\000i\000c\000a}{subsection.6.2}% 41
\BOOKMARK [2][-]{subsection.6.3}{\376\377\000P\000r\000e\000p\000a\000r\000a\000c\000i\000\363\000n\000\040\000d\000e\000\040\000l\000o\000s\000\040\000d\000a\000t\000o\000s}{section.6}% 42
\BOOKMARK [3][-]{subsubsection.6.3.1}{\376\377\000C\000o\000r\000p\000u\000s\000\040\000d\000e\000\040\000r\000e\000f\000e\000r\000e\000n\000c\000i\000a}{subsection.6.3}% 43
\BOOKMARK [3][-]{subsubsection.6.3.2}{\376\377\000C\000o\000r\000p\000u\000s\000\040\000o\000b\000j\000e\000t\000i\000v\000o}{subsection.6.3}% 44
\BOOKMARK [3][-]{subsubsection.6.3.3}{\376\377\000R\000e\000s\000u\000m\000e\000n}{subsection.6.3}% 45
\BOOKMARK [2][-]{subsection.6.4}{\376\377\000M\000o\000d\000e\000l\000a\000m\000i\000e\000n\000t\000o}{section.6}% 46
\BOOKMARK [3][-]{subsubsection.6.4.1}{\376\377\000S\000e\000l\000e\000c\000c\000i\000\363\000n\000\040\000d\000e\000\040\000t\000\351\000c\000n\000i\000c\000a\000\040\000d\000e\000\040\000m\000o\000d\000e\000l\000a\000d\000o}{subsection.6.4}% 47
\BOOKMARK [3][-]{subsubsection.6.4.2}{\376\377\000D\000i\000s\000e\000\361\000o\000\040\000e\000x\000p\000e\000r\000i\000m\000e\000n\000t\000a\000l}{subsection.6.4}% 48
\BOOKMARK [3][-]{subsubsection.6.4.3}{\376\377\000P\000r\000e\000s\000e\000n\000t\000a\000c\000i\000\363\000n\000\040\000d\000e\000l\000\040\000m\000o\000d\000e\000l\000o}{subsection.6.4}% 49
\BOOKMARK [2][-]{subsection.6.5}{\376\377\000D\000e\000s\000p\000l\000i\000e\000g\000u\000e}{section.6}% 50
\BOOKMARK [3][-]{subsubsection.6.5.1}{\376\377\000\315\000n\000d\000i\000c\000e\000s\000\040\000p\000o\000r\000\040\000m\000u\000e\000s\000t\000r\000a}{subsection.6.5}% 51
\BOOKMARK [3][-]{subsubsection.6.5.2}{\376\377\000G\000r\000\341\000f\000i\000c\000o\000s\000\040\000p\000o\000r\000\040\000m\000u\000e\000s\000t\000r\000a}{subsection.6.5}% 52
\BOOKMARK [3][-]{subsubsection.6.5.3}{\376\377\000G\000r\000\341\000f\000i\000c\000o\000s\000\040\000t\000o\000t\000a\000l\000e\000s}{subsection.6.5}% 53
\BOOKMARK [2][-]{subsection.6.6}{\376\377\000E\000v\000a\000l\000u\000a\000c\000i\000\363\000n}{section.6}% 54
\BOOKMARK [1][-]{section.7}{\376\377\000C\000O\000N\000C\000L\000U\000S\000I\000O\000N\000E\000S}{}% 55
\BOOKMARK [2][-]{subsection.7.1}{\376\377\000L\000a\000s\000\040\000h\000i\000p\000\363\000t\000e\000s\000i\000s\000\040\000p\000l\000a\000n\000t\000e\000a\000d\000a\000s}{section.7}% 56
\BOOKMARK [2][-]{subsection.7.2}{\376\377\000C\000r\000\355\000t\000i\000c\000a\000\040\000d\000e\000l\000\040\000m\000o\000d\000e\000l\000o}{section.7}% 57
\BOOKMARK [2][-]{subsection.7.3}{\376\377\000T\000r\000a\000b\000a\000j\000o\000\040\000f\000u\000t\000u\000r\000o}{section.7}% 58
\BOOKMARK [3][-]{subsubsection.7.3.1}{\376\377\000E\000l\000\040\000\355\000n\000d\000i\000c\000e\000\040\000m\000e\000t\000a\000f\000\363\000r\000i\000c\000o}{subsection.7.3}% 59
\BOOKMARK [3][-]{subsubsection.7.3.2}{\376\377\000E\000l\000\040\000\355\000n\000d\000i\000c\000e\000\040\000m\000e\000t\000o\000n\000\355\000m\000i\000c\000o}{subsection.7.3}% 60
\BOOKMARK [1][-]{appendix.A}{\376\377\000R\000e\000s\000u\000l\000t\000a\000d\000o\000s\000\040\000d\000e\000\040\000t\000o\000d\000a\000s\000\040\000l\000a\000s\000\040\000m\000u\000e\000s\000t\000r\000a\000s\000\040\000p\000r\000o\000c\000e\000s\000a\000d\000a\000s}{}% 61
